<?xml version="1.0" encoding="UTF-8"?>
<!-- Generated by org.testng.reporters.JUnitReportReporter -->
<testsuite hostname="shrutika" failures="0" tests="1" name="appium.AppiumBasic" time="14.266" errors="0" timestamp="2024-07-16T19:12:26 IST" skipped="0">
  <testcase classname="appium.AppiumBasic" name="AppiumTest" time="14.266"/>
</testsuite> <!-- appium.AppiumBasic -->
